=== Instance Status ===

INSTANCE_NAME	STATUS		DATABASE_STATUS
--------------- --------------- -----------------
FREE		OPEN		ACTIVE


=== PDB Status ===

NAME							     OPEN_MODE
------------------------------------------------------------ ---------------
PDB$SEED						     READ ONLY
FREEPDB1						     READ WRITE


=== Datafile Locations ===

NAME
------------------------------------------------------------
/opt/oracle/oradata/FREE/system01.dbf
/opt/oracle/oradata/FREE/pdbseed/system01.dbf
/opt/oracle/oradata/FREE/sysaux01.dbf
/opt/oracle/oradata/FREE/pdbseed/sysaux01.dbf
/opt/oracle/oradata/FREE/users01.dbf
/opt/oracle/oradata/FREE/pdbseed/undotbs01.dbf
/opt/oracle/oradata/FREE/undotbs01.dbf
/opt/oracle/oradata/FREE/FREEPDB1/system01.dbf
/opt/oracle/oradata/FREE/FREEPDB1/sysaux01.dbf
/opt/oracle/oradata/FREE/FREEPDB1/undotbs01.dbf
/opt/oracle/oradata/FREE/FREEPDB1/users01.dbf

11 rows selected.


=== Redo Log Locations ===

MEMBER
--------------------------------------------------------------------------------------------------------------------------------------------------------------------------------------------------------
/opt/oracle/oradata/FREE/redo03.log
/opt/oracle/oradata/FREE/redo02.log
/opt/oracle/oradata/FREE/redo01.log


=== Database Parameters ===

NAME							     VALUE
------------------------------------------------------------ ------------------------------------------------------------
sga_target						     1610612736
db_create_file_dest
db_recovery_file_dest
db_name 						     FREE
pga_aggregate_target					     536870912


=== Storage Test - Write to /u02/oradata ===

TEST
-------------------------------------
Oracle user can write to /u02/oradata

