[2026-04-23 11:25:35] === Oracle Database Workload Execution ===
[2026-04-23 11:25:35] Duration: 120 seconds
[2026-04-23 11:25:35] Target PDB: FREEPDB1
[2026-04-23 11:25:35] Batch size: 100
[2026-04-23 11:25:35] Workers: 4
[2026-04-23 11:25:35] Verifying database connection...
[2026-04-23 11:25:35] Database status: OPEN
[2026-04-23 11:25:35] PDB FREEPDB1 status: READ WRITE
[2026-04-23 11:25:35] Creating benchmark schema...
[2026-04-23 11:25:36] Benchmark schema created with 10,000 initial orders
[2026-04-23 11:25:36] Creating workload procedure...
[2026-04-23 11:25:37] Workload procedure created
[2026-04-23 11:25:37] Starting workload execution (120 seconds)...
Workload started at: 2026-04-23 11:25:37
Iteration 100: Inserts=3000, Updates=2000, Selects=5000, Elapsed=0s
Iteration 200: Inserts=6000, Updates=4000, Selects=10000, Elapsed=0s
Iteration 300: Inserts=9000, Updates=6000, Selects=15000, Elapsed=1s
Iteration 400: Inserts=12000, Updates=8000, Selects=20000, Elapsed=1s
Iteration 500: Inserts=15000, Updates=10000, Selects=25000, Elapsed=1s
Iteration 600: Inserts=18000, Updates=12000, Selects=30000, Elapsed=1s
Iteration 700: Inserts=21000, Updates=14000, Selects=35000, Elapsed=1s
Iteration 800: Inserts=24000, Updates=16000, Selects=40000, Elapsed=1s
Iteration 900: Inserts=27000, Updates=18000, Selects=45000, Elapsed=2s
Iteration 1000: Inserts=30000, Updates=20000, Selects=50000, Elapsed=2s
Iteration 1100: Inserts=33000, Updates=22000, Selects=55000, Elapsed=2s
Iteration 1200: Inserts=36000, Updates=24000, Selects=60000, Elapsed=2s
Iteration 1300: Inserts=39000, Updates=26000, Selects=65000, Elapsed=2s
Iteration 1400: Inserts=42000, Updates=28000, Selects=70000, Elapsed=2s
Iteration 1500: Inserts=45000, Updates=30000, Selects=75000, Elapsed=3s
Iteration 1600: Inserts=48000, Updates=32000, Selects=80000, Elapsed=3s
Iteration 1700: Inserts=51000, Updates=34000, Selects=85000, Elapsed=3s
Iteration 1800: Inserts=54000, Updates=36000, Selects=90000, Elapsed=3s
Iteration 1900: Inserts=57000, Updates=38000, Selects=95000, Elapsed=3s
Iteration 2000: Inserts=60000, Updates=40000, Selects=100000, Elapsed=4s
Iteration 2100: Inserts=63000, Updates=42000, Selects=105000, Elapsed=4s
Iteration 2200: Inserts=66000, Updates=44000, Selects=110000, Elapsed=4s
Iteration 2300: Inserts=69000, Updates=46000, Selects=115000, Elapsed=4s
Iteration 2400: Inserts=72000, Updates=48000, Selects=120000, Elapsed=4s
Iteration 2500: Inserts=75000, Updates=50000, Selects=125000, Elapsed=4s
Iteration 2600: Inserts=78000, Updates=52000, Selects=130000, Elapsed=5s
Iteration 2700: Inserts=81000, Updates=54000, Selects=135000, Elapsed=5s
Iteration 2800: Inserts=84000, Updates=56000, Selects=140000, Elapsed=5s
Iteration 2900: Inserts=87000, Updates=58000, Selects=145000, Elapsed=5s
Iteration 3000: Inserts=90000, Updates=60000, Selects=150000, Elapsed=5s
Iteration 3100: Inserts=93000, Updates=62000, Selects=155000, Elapsed=5s
Iteration 3200: Inserts=96000, Updates=64000, Selects=160000, Elapsed=6s
Iteration 3300: Inserts=99000, Updates=66000, Selects=165000, Elapsed=6s
Iteration 3400: Inserts=102000, Updates=68000, Selects=170000, Elapsed=6s
Iteration 3500: Inserts=105000, Updates=70000, Selects=175000, Elapsed=6s
Iteration 3600: Inserts=108000, Updates=72000, Selects=180000, Elapsed=6s
Iteration 3700: Inserts=111000, Updates=74000, Selects=185000, Elapsed=7s
Iteration 3800: Inserts=114000, Updates=76000, Selects=190000, Elapsed=7s
Iteration 3900: Inserts=117000, Updates=78000, Selects=195000, Elapsed=7s
Iteration 4000: Inserts=120000, Updates=80000, Selects=200000, Elapsed=7s
Iteration 4100: Inserts=123000, Updates=82000, Selects=205000, Elapsed=7s
Iteration 4200: Inserts=126000, Updates=84000, Selects=210000, Elapsed=8s
Iteration 4300: Inserts=129000, Updates=86000, Selects=215000, Elapsed=8s
Iteration 4400: Inserts=132000, Updates=88000, Selects=220000, Elapsed=8s
Iteration 4500: Inserts=135000, Updates=90000, Selects=225000, Elapsed=8s
Iteration 4600: Inserts=138000, Updates=92000, Selects=230000, Elapsed=8s
Iteration 4700: Inserts=141000, Updates=94000, Selects=235000, Elapsed=9s
Iteration 4800: Inserts=144000, Updates=96000, Selects=240000, Elapsed=9s
Iteration 4900: Inserts=147000, Updates=98000, Selects=245000, Elapsed=9s
Iteration 5000: Inserts=150000, Updates=100000, Selects=250000, Elapsed=9s
Iteration 5100: Inserts=153000, Updates=102000, Selects=255000, Elapsed=9s
Iteration 5200: Inserts=156000, Updates=104000, Selects=260000, Elapsed=10s
Iteration 5300: Inserts=159000, Updates=106000, Selects=265000, Elapsed=10s
Iteration 5400: Inserts=162000, Updates=108000, Selects=270000, Elapsed=10s
Iteration 5500: Inserts=165000, Updates=110000, Selects=275000, Elapsed=10s
Iteration 5600: Inserts=168000, Updates=112000, Selects=280000, Elapsed=10s
Iteration 5700: Inserts=171000, Updates=114000, Selects=285000, Elapsed=11s
Iteration 5800: Inserts=174000, Updates=116000, Selects=290000, Elapsed=11s
Iteration 5900: Inserts=177000, Updates=118000, Selects=295000, Elapsed=12s
Iteration 6000: Inserts=180000, Updates=120000, Selects=300000, Elapsed=12s
Iteration 6100: Inserts=183000, Updates=122000, Selects=305000, Elapsed=12s
Iteration 6200: Inserts=186000, Updates=124000, Selects=310000, Elapsed=12s
Iteration 6300: Inserts=189000, Updates=126000, Selects=315000, Elapsed=12s
Iteration 6400: Inserts=192000, Updates=128000, Selects=320000, Elapsed=13s
Iteration 6500: Inserts=195000, Updates=130000, Selects=325000, Elapsed=13s
Iteration 6600: Inserts=198000, Updates=132000, Selects=330000, Elapsed=13s
Iteration 6700: Inserts=201000, Updates=134000, Selects=335000, Elapsed=13s
Iteration 6800: Inserts=204000, Updates=136000, Selects=340000, Elapsed=13s
Iteration 6900: Inserts=207000, Updates=138000, Selects=345000, Elapsed=14s
Iteration 7000: Inserts=210000, Updates=140000, Selects=350000, Elapsed=14s
Iteration 7100: Inserts=213000, Updates=142000, Selects=355000, Elapsed=14s
Iteration 7200: Inserts=216000, Updates=144000, Selects=360000, Elapsed=14s
Iteration 7300: Inserts=219000, Updates=146000, Selects=365000, Elapsed=14s
Iteration 7400: Inserts=222000, Updates=148000, Selects=370000, Elapsed=15s
Iteration 7500: Inserts=225000, Updates=150000, Selects=375000, Elapsed=15s
Iteration 7600: Inserts=228000, Updates=152000, Selects=380000, Elapsed=15s
Iteration 7700: Inserts=231000, Updates=154000, Selects=385000, Elapsed=15s
Iteration 7800: Inserts=234000, Updates=156000, Selects=390000, Elapsed=16s
Iteration 7900: Inserts=237000, Updates=158000, Selects=395000, Elapsed=16s
Iteration 8000: Inserts=240000, Updates=160000, Selects=400000, Elapsed=16s
Iteration 8100: Inserts=243000, Updates=162000, Selects=405000, Elapsed=16s
Iteration 8200: Inserts=246000, Updates=164000, Selects=410000, Elapsed=16s
Iteration 8300: Inserts=249000, Updates=166000, Selects=415000, Elapsed=17s
Iteration 8400: Inserts=252000, Updates=168000, Selects=420000, Elapsed=17s
Iteration 8500: Inserts=255000, Updates=170000, Selects=425000, Elapsed=17s
Iteration 8600: Inserts=258000, Updates=172000, Selects=430000, Elapsed=17s
Iteration 8700: Inserts=261000, Updates=174000, Selects=435000, Elapsed=18s
Iteration 8800: Inserts=264000, Updates=176000, Selects=440000, Elapsed=18s
Iteration 8900: Inserts=267000, Updates=178000, Selects=445000, Elapsed=18s
Iteration 9000: Inserts=270000, Updates=180000, Selects=450000, Elapsed=18s
Iteration 9100: Inserts=273000, Updates=182000, Selects=455000, Elapsed=19s
Iteration 9200: Inserts=276000, Updates=184000, Selects=460000, Elapsed=19s
Iteration 9300: Inserts=279000, Updates=186000, Selects=465000, Elapsed=19s
Iteration 9400: Inserts=282000, Updates=188000, Selects=470000, Elapsed=19s
Iteration 9500: Inserts=285000, Updates=190000, Selects=475000, Elapsed=19s
Iteration 9600: Inserts=288000, Updates=192000, Selects=480000, Elapsed=20s
Iteration 9700: Inserts=291000, Updates=194000, Selects=485000, Elapsed=20s
Iteration 9800: Inserts=294000, Updates=196000, Selects=490000, Elapsed=20s
Iteration 9900: Inserts=297000, Updates=198000, Selects=495000, Elapsed=20s
Iteration 10000: Inserts=300000, Updates=200000, Selects=500000, Elapsed=21s
Iteration 10100: Inserts=303000, Updates=202000, Selects=505000, Elapsed=21s
Iteration 10200: Inserts=306000, Updates=204000, Selects=510000, Elapsed=21s
Iteration 10300: Inserts=309000, Updates=206000, Selects=515000, Elapsed=21s
Iteration 10400: Inserts=312000, Updates=208000, Selects=520000, Elapsed=21s
Iteration 10500: Inserts=315000, Updates=210000, Selects=525000, Elapsed=22s
Iteration 10600: Inserts=318000, Updates=212000, Selects=530000, Elapsed=23s
Iteration 10700: Inserts=321000, Updates=214000, Selects=535000, Elapsed=23s
Iteration 10800: Inserts=324000, Updates=216000, Selects=540000, Elapsed=23s
Iteration 10900: Inserts=327000, Updates=218000, Selects=545000, Elapsed=23s
Iteration 11000: Inserts=330000, Updates=220000, Selects=550000, Elapsed=24s
Iteration 11100: Inserts=333000, Updates=222000, Selects=555000, Elapsed=24s
Iteration 11200: Inserts=336000, Updates=224000, Selects=560000, Elapsed=24s
Iteration 11300: Inserts=339000, Updates=226000, Selects=565000, Elapsed=24s
Iteration 11400: Inserts=342000, Updates=228000, Selects=570000, Elapsed=25s
Iteration 11500: Inserts=345000, Updates=230000, Selects=575000, Elapsed=25s
Iteration 11600: Inserts=348000, Updates=232000, Selects=580000, Elapsed=25s
Iteration 11700: Inserts=351000, Updates=234000, Selects=585000, Elapsed=25s
Iteration 11800: Inserts=354000, Updates=236000, Selects=590000, Elapsed=25s
Iteration 11900: Inserts=357000, Updates=238000, Selects=595000, Elapsed=26s
Iteration 12000: Inserts=360000, Updates=240000, Selects=600000, Elapsed=26s
Iteration 12100: Inserts=363000, Updates=242000, Selects=605000, Elapsed=26s
Iteration 12200: Inserts=366000, Updates=244000, Selects=610000, Elapsed=26s
Iteration 12300: Inserts=369000, Updates=246000, Selects=615000, Elapsed=27s
Iteration 12400: Inserts=372000, Updates=248000, Selects=620000, Elapsed=27s
Iteration 12500: Inserts=375000, Updates=250000, Selects=625000, Elapsed=27s
Iteration 12600: Inserts=378000, Updates=252000, Selects=630000, Elapsed=27s
Iteration 12700: Inserts=381000, Updates=254000, Selects=635000, Elapsed=28s
Iteration 12800: Inserts=384000, Updates=256000, Selects=640000, Elapsed=28s
Iteration 12900: Inserts=387000, Updates=258000, Selects=645000, Elapsed=28s
Iteration 13000: Inserts=390000, Updates=260000, Selects=650000, Elapsed=28s
Iteration 13100: Inserts=393000, Updates=262000, Selects=655000, Elapsed=29s
Iteration 13200: Inserts=396000, Updates=264000, Selects=660000, Elapsed=29s
Iteration 13300: Inserts=399000, Updates=266000, Selects=665000, Elapsed=29s
Iteration 13400: Inserts=402000, Updates=268000, Selects=670000, Elapsed=29s
Iteration 13500: Inserts=405000, Updates=270000, Selects=675000, Elapsed=29s
Iteration 13600: Inserts=408000, Updates=272000, Selects=680000, Elapsed=31s
Iteration 13700: Inserts=411000, Updates=274000, Selects=685000, Elapsed=31s
Iteration 13800: Inserts=414000, Updates=276000, Selects=690000, Elapsed=31s
Iteration 13900: Inserts=417000, Updates=278000, Selects=695000, Elapsed=32s
Iteration 14000: Inserts=420000, Updates=280000, Selects=700000, Elapsed=32s
Iteration 14100: Inserts=423000, Updates=282000, Selects=705000, Elapsed=32s
Iteration 14200: Inserts=426000, Updates=284000, Selects=710000, Elapsed=32s
Iteration 14300: Inserts=429000, Updates=286000, Selects=715000, Elapsed=33s
Iteration 14400: Inserts=432000, Updates=288000, Selects=720000, Elapsed=33s
Iteration 14500: Inserts=435000, Updates=290000, Selects=725000, Elapsed=33s
Iteration 14600: Inserts=438000, Updates=292000, Selects=730000, Elapsed=33s
Iteration 14700: Inserts=441000, Updates=294000, Selects=735000, Elapsed=34s
Iteration 14800: Inserts=444000, Updates=296000, Selects=740000, Elapsed=34s
Iteration 14900: Inserts=447000, Updates=298000, Selects=745000, Elapsed=34s
Iteration 15000: Inserts=450000, Updates=300000, Selects=750000, Elapsed=34s
Iteration 15100: Inserts=453000, Updates=302000, Selects=755000, Elapsed=35s
Iteration 15200: Inserts=456000, Updates=304000, Selects=760000, Elapsed=35s
Iteration 15300: Inserts=459000, Updates=306000, Selects=765000, Elapsed=35s
Iteration 15400: Inserts=462000, Updates=308000, Selects=770000, Elapsed=35s
Iteration 15500: Inserts=465000, Updates=310000, Selects=775000, Elapsed=35s
Iteration 15600: Inserts=468000, Updates=312000, Selects=780000, Elapsed=36s
Iteration 15700: Inserts=471000, Updates=314000, Selects=785000, Elapsed=36s
Iteration 15800: Inserts=474000, Updates=316000, Selects=790000, Elapsed=36s
Iteration 15900: Inserts=477000, Updates=318000, Selects=795000, Elapsed=37s
Iteration 16000: Inserts=480000, Updates=320000, Selects=800000, Elapsed=37s
Iteration 16100: Inserts=483000, Updates=322000, Selects=805000, Elapsed=37s
Iteration 16200: Inserts=486000, Updates=324000, Selects=810000, Elapsed=37s
Iteration 16300: Inserts=489000, Updates=326000, Selects=815000, Elapsed=38s
Iteration 16400: Inserts=492000, Updates=328000, Selects=820000, Elapsed=38s
Iteration 16500: Inserts=495000, Updates=330000, Selects=825000, Elapsed=38s
Iteration 16600: Inserts=498000, Updates=332000, Selects=830000, Elapsed=38s
Iteration 16700: Inserts=501000, Updates=334000, Selects=835000, Elapsed=39s
Iteration 16800: Inserts=504000, Updates=336000, Selects=840000, Elapsed=39s
Iteration 16900: Inserts=507000, Updates=338000, Selects=845000, Elapsed=39s
Iteration 17000: Inserts=510000, Updates=340000, Selects=850000, Elapsed=39s
Iteration 17100: Inserts=513000, Updates=342000, Selects=855000, Elapsed=40s
Iteration 17200: Inserts=516000, Updates=344000, Selects=860000, Elapsed=40s
Iteration 17300: Inserts=519000, Updates=346000, Selects=865000, Elapsed=40s
Iteration 17400: Inserts=522000, Updates=348000, Selects=870000, Elapsed=41s
Iteration 17500: Inserts=525000, Updates=350000, Selects=875000, Elapsed=41s
Iteration 17600: Inserts=528000, Updates=352000, Selects=880000, Elapsed=41s
Iteration 17700: Inserts=531000, Updates=354000, Selects=885000, Elapsed=41s
Iteration 17800: Inserts=534000, Updates=356000, Selects=890000, Elapsed=42s
Iteration 17900: Inserts=537000, Updates=358000, Selects=895000, Elapsed=42s
Iteration 18000: Inserts=540000, Updates=360000, Selects=900000, Elapsed=42s
Iteration 18100: Inserts=543000, Updates=362000, Selects=905000, Elapsed=42s
Iteration 18200: Inserts=546000, Updates=364000, Selects=910000, Elapsed=43s
Iteration 18300: Inserts=549000, Updates=366000, Selects=915000, Elapsed=43s
Iteration 18400: Inserts=552000, Updates=368000, Selects=920000, Elapsed=43s
Iteration 18500: Inserts=555000, Updates=370000, Selects=925000, Elapsed=44s
Iteration 18600: Inserts=558000, Updates=372000, Selects=930000, Elapsed=44s
Iteration 18700: Inserts=561000, Updates=374000, Selects=935000, Elapsed=44s
Iteration 18800: Inserts=564000, Updates=376000, Selects=940000, Elapsed=44s
Iteration 18900: Inserts=567000, Updates=378000, Selects=945000, Elapsed=45s
Iteration 19000: Inserts=570000, Updates=380000, Selects=950000, Elapsed=45s
Iteration 19100: Inserts=573000, Updates=382000, Selects=955000, Elapsed=45s
Iteration 19200: Inserts=576000, Updates=384000, Selects=960000, Elapsed=45s
Iteration 19300: Inserts=579000, Updates=386000, Selects=965000, Elapsed=46s
Iteration 19400: Inserts=582000, Updates=388000, Selects=970000, Elapsed=46s
Iteration 19500: Inserts=585000, Updates=390000, Selects=975000, Elapsed=46s
Iteration 19600: Inserts=588000, Updates=392000, Selects=980000, Elapsed=47s
Iteration 19700: Inserts=591000, Updates=394000, Selects=985000, Elapsed=47s
Iteration 19800: Inserts=594000, Updates=396000, Selects=990000, Elapsed=47s
Iteration 19900: Inserts=597000, Updates=398000, Selects=995000, Elapsed=47s
Iteration 20000: Inserts=600000, Updates=400000, Selects=1000000, Elapsed=48s
Iteration 20100: Inserts=603000, Updates=402000, Selects=1005000, Elapsed=48s
Iteration 20200: Inserts=606000, Updates=404000, Selects=1010000, Elapsed=48s
Iteration 20300: Inserts=609000, Updates=406000, Selects=1015000, Elapsed=49s
Iteration 20400: Inserts=612000, Updates=408000, Selects=1020000, Elapsed=49s
Iteration 20500: Inserts=615000, Updates=410000, Selects=1025000, Elapsed=49s
Iteration 20600: Inserts=618000, Updates=412000, Selects=1030000, Elapsed=50s
Iteration 20700: Inserts=621000, Updates=414000, Selects=1035000, Elapsed=50s
Iteration 20800: Inserts=624000, Updates=416000, Selects=1040000, Elapsed=50s
Iteration 20900: Inserts=627000, Updates=418000, Selects=1045000, Elapsed=51s
Iteration 21000: Inserts=630000, Updates=420000, Selects=1050000, Elapsed=51s
Iteration 21100: Inserts=633000, Updates=422000, Selects=1055000, Elapsed=51s
Iteration 21200: Inserts=636000, Updates=424000, Selects=1060000, Elapsed=51s
Iteration 21300: Inserts=639000, Updates=426000, Selects=1065000, Elapsed=52s
Iteration 21400: Inserts=642000, Updates=428000, Selects=1070000, Elapsed=52s
Iteration 21500: Inserts=645000, Updates=430000, Selects=1075000, Elapsed=52s
Iteration 21600: Inserts=648000, Updates=432000, Selects=1080000, Elapsed=53s
Iteration 21700: Inserts=651000, Updates=434000, Selects=1085000, Elapsed=53s
Iteration 21800: Inserts=654000, Updates=436000, Selects=1090000, Elapsed=53s
Iteration 21900: Inserts=657000, Updates=438000, Selects=1095000, Elapsed=54s
Iteration 22000: Inserts=660000, Updates=440000, Selects=1100000, Elapsed=54s
Iteration 22100: Inserts=663000, Updates=442000, Selects=1105000, Elapsed=54s
Iteration 22200: Inserts=666000, Updates=444000, Selects=1110000, Elapsed=54s
Iteration 22300: Inserts=669000, Updates=446000, Selects=1115000, Elapsed=55s
Iteration 22400: Inserts=672000, Updates=448000, Selects=1120000, Elapsed=55s
Iteration 22500: Inserts=675000, Updates=450000, Selects=1125000, Elapsed=55s
Iteration 22600: Inserts=678000, Updates=452000, Selects=1130000, Elapsed=56s
Iteration 22700: Inserts=681000, Updates=454000, Selects=1135000, Elapsed=56s
Iteration 22800: Inserts=684000, Updates=456000, Selects=1140000, Elapsed=56s
Iteration 22900: Inserts=687000, Updates=458000, Selects=1145000, Elapsed=56s
Iteration 23000: Inserts=690000, Updates=460000, Selects=1150000, Elapsed=57s
Iteration 23100: Inserts=693000, Updates=462000, Selects=1155000, Elapsed=57s
Iteration 23200: Inserts=696000, Updates=464000, Selects=1160000, Elapsed=57s
Iteration 23300: Inserts=699000, Updates=466000, Selects=1165000, Elapsed=58s
Iteration 23400: Inserts=702000, Updates=468000, Selects=1170000, Elapsed=58s
Iteration 23500: Inserts=705000, Updates=470000, Selects=1175000, Elapsed=58s
Iteration 23600: Inserts=708000, Updates=472000, Selects=1180000, Elapsed=59s
Iteration 23700: Inserts=711000, Updates=474000, Selects=1185000, Elapsed=59s
Iteration 23800: Inserts=714000, Updates=476000, Selects=1190000, Elapsed=59s
Iteration 23900: Inserts=717000, Updates=478000, Selects=1195000, Elapsed=59s
Iteration 24000: Inserts=720000, Updates=480000, Selects=1200000, Elapsed=60s
Iteration 24100: Inserts=723000, Updates=482000, Selects=1205000, Elapsed=60s
Iteration 24200: Inserts=726000, Updates=484000, Selects=1210000, Elapsed=60s
Iteration 24300: Inserts=729000, Updates=486000, Selects=1215000, Elapsed=61s
Iteration 24400: Inserts=732000, Updates=488000, Selects=1220000, Elapsed=61s
Iteration 24500: Inserts=735000, Updates=490000, Selects=1225000, Elapsed=61s
Iteration 24600: Inserts=738000, Updates=492000, Selects=1230000, Elapsed=62s
Iteration 24700: Inserts=741000, Updates=494000, Selects=1235000, Elapsed=62s
Iteration 24800: Inserts=744000, Updates=496000, Selects=1240000, Elapsed=62s
Iteration 24900: Inserts=747000, Updates=498000, Selects=1245000, Elapsed=62s
Iteration 25000: Inserts=750000, Updates=500000, Selects=1250000, Elapsed=63s
Iteration 25100: Inserts=753000, Updates=502000, Selects=1255000, Elapsed=63s
Iteration 25200: Inserts=756000, Updates=504000, Selects=1260000, Elapsed=63s
Iteration 25300: Inserts=759000, Updates=506000, Selects=1265000, Elapsed=64s
Iteration 25400: Inserts=762000, Updates=508000, Selects=1270000, Elapsed=64s
Iteration 25500: Inserts=765000, Updates=510000, Selects=1275000, Elapsed=64s
Iteration 25600: Inserts=768000, Updates=512000, Selects=1280000, Elapsed=65s
Iteration 25700: Inserts=771000, Updates=514000, Selects=1285000, Elapsed=65s
Iteration 25800: Inserts=774000, Updates=516000, Selects=1290000, Elapsed=65s
Iteration 25900: Inserts=777000, Updates=518000, Selects=1295000, Elapsed=65s
Iteration 26000: Inserts=780000, Updates=520000, Selects=1300000, Elapsed=66s
Iteration 26100: Inserts=783000, Updates=522000, Selects=1305000, Elapsed=66s
Iteration 26200: Inserts=786000, Updates=524000, Selects=1310000, Elapsed=66s
Iteration 26300: Inserts=789000, Updates=526000, Selects=1315000, Elapsed=67s
Iteration 26400: Inserts=792000, Updates=528000, Selects=1320000, Elapsed=67s
Iteration 26500: Inserts=795000, Updates=530000, Selects=1325000, Elapsed=67s
Iteration 26600: Inserts=798000, Updates=532000, Selects=1330000, Elapsed=68s
Iteration 26700: Inserts=801000, Updates=534000, Selects=1335000, Elapsed=68s
Iteration 26800: Inserts=804000, Updates=536000, Selects=1340000, Elapsed=68s
Iteration 26900: Inserts=807000, Updates=538000, Selects=1345000, Elapsed=69s
Iteration 27000: Inserts=810000, Updates=540000, Selects=1350000, Elapsed=69s
Iteration 27100: Inserts=813000, Updates=542000, Selects=1355000, Elapsed=69s
Iteration 27200: Inserts=816000, Updates=544000, Selects=1360000, Elapsed=70s
Iteration 27300: Inserts=819000, Updates=546000, Selects=1365000, Elapsed=70s
Iteration 27400: Inserts=822000, Updates=548000, Selects=1370000, Elapsed=70s
Iteration 27500: Inserts=825000, Updates=550000, Selects=1375000, Elapsed=70s
Iteration 27600: Inserts=828000, Updates=552000, Selects=1380000, Elapsed=71s
Iteration 27700: Inserts=831000, Updates=554000, Selects=1385000, Elapsed=71s
Iteration 27800: Inserts=834000, Updates=556000, Selects=1390000, Elapsed=71s
Iteration 27900: Inserts=837000, Updates=558000, Selects=1395000, Elapsed=72s
Iteration 28000: Inserts=840000, Updates=560000, Selects=1400000, Elapsed=72s
Iteration 28100: Inserts=843000, Updates=562000, Selects=1405000, Elapsed=72s
Iteration 28200: Inserts=846000, Updates=564000, Selects=1410000, Elapsed=73s
Iteration 28300: Inserts=849000, Updates=566000, Selects=1415000, Elapsed=73s
Iteration 28400: Inserts=852000, Updates=568000, Selects=1420000, Elapsed=73s
Iteration 28500: Inserts=855000, Updates=570000, Selects=1425000, Elapsed=74s
Iteration 28600: Inserts=858000, Updates=572000, Selects=1430000, Elapsed=74s
Iteration 28700: Inserts=861000, Updates=574000, Selects=1435000, Elapsed=74s
Iteration 28800: Inserts=864000, Updates=576000, Selects=1440000, Elapsed=75s
Iteration 28900: Inserts=867000, Updates=578000, Selects=1445000, Elapsed=75s
Iteration 29000: Inserts=870000, Updates=580000, Selects=1450000, Elapsed=75s
Iteration 29100: Inserts=873000, Updates=582000, Selects=1455000, Elapsed=76s
Iteration 29200: Inserts=876000, Updates=584000, Selects=1460000, Elapsed=76s
Iteration 29300: Inserts=879000, Updates=586000, Selects=1465000, Elapsed=76s
Iteration 29400: Inserts=882000, Updates=588000, Selects=1470000, Elapsed=77s
Iteration 29500: Inserts=885000, Updates=590000, Selects=1475000, Elapsed=77s
Iteration 29600: Inserts=888000, Updates=592000, Selects=1480000, Elapsed=77s
Iteration 29700: Inserts=891000, Updates=594000, Selects=1485000, Elapsed=78s
Iteration 29800: Inserts=894000, Updates=596000, Selects=1490000, Elapsed=78s
Iteration 29900: Inserts=897000, Updates=598000, Selects=1495000, Elapsed=78s
Iteration 30000: Inserts=900000, Updates=600000, Selects=1500000, Elapsed=79s
Iteration 30100: Inserts=903000, Updates=602000, Selects=1505000, Elapsed=79s
Iteration 30200: Inserts=906000, Updates=604000, Selects=1510000, Elapsed=79s
Iteration 30300: Inserts=909000, Updates=606000, Selects=1515000, Elapsed=80s
Iteration 30400: Inserts=912000, Updates=608000, Selects=1520000, Elapsed=80s
Iteration 30500: Inserts=915000, Updates=610000, Selects=1525000, Elapsed=80s
Iteration 30600: Inserts=918000, Updates=612000, Selects=1530000, Elapsed=81s
Iteration 30700: Inserts=921000, Updates=614000, Selects=1535000, Elapsed=81s
Iteration 30800: Inserts=924000, Updates=616000, Selects=1540000, Elapsed=81s
Iteration 30900: Inserts=927000, Updates=618000, Selects=1545000, Elapsed=82s
Iteration 31000: Inserts=930000, Updates=620000, Selects=1550000, Elapsed=82s
Iteration 31100: Inserts=933000, Updates=622000, Selects=1555000, Elapsed=82s
Iteration 31200: Inserts=936000, Updates=624000, Selects=1560000, Elapsed=82s
Iteration 31300: Inserts=939000, Updates=626000, Selects=1565000, Elapsed=83s
Iteration 31400: Inserts=942000, Updates=628000, Selects=1570000, Elapsed=83s
Iteration 31500: Inserts=945000, Updates=630000, Selects=1575000, Elapsed=83s
Iteration 31600: Inserts=948000, Updates=632000, Selects=1580000, Elapsed=84s
Iteration 31700: Inserts=951000, Updates=634000, Selects=1585000, Elapsed=84s
Iteration 31800: Inserts=954000, Updates=636000, Selects=1590000, Elapsed=85s
Iteration 31900: Inserts=957000, Updates=638000, Selects=1595000, Elapsed=85s
Iteration 32000: Inserts=960000, Updates=640000, Selects=1600000, Elapsed=86s
Iteration 32100: Inserts=963000, Updates=642000, Selects=1605000, Elapsed=86s
Iteration 32200: Inserts=966000, Updates=644000, Selects=1610000, Elapsed=86s
Iteration 32300: Inserts=969000, Updates=646000, Selects=1615000, Elapsed=87s
Iteration 32400: Inserts=972000, Updates=648000, Selects=1620000, Elapsed=87s
Iteration 32500: Inserts=975000, Updates=650000, Selects=1625000, Elapsed=87s
Iteration 32600: Inserts=978000, Updates=652000, Selects=1630000, Elapsed=88s
Iteration 32700: Inserts=981000, Updates=654000, Selects=1635000, Elapsed=88s
Iteration 32800: Inserts=984000, Updates=656000, Selects=1640000, Elapsed=89s
Iteration 32900: Inserts=987000, Updates=658000, Selects=1645000, Elapsed=89s
Iteration 33000: Inserts=990000, Updates=660000, Selects=1650000, Elapsed=89s
Iteration 33100: Inserts=993000, Updates=662000, Selects=1655000, Elapsed=90s
Iteration 33200: Inserts=996000, Updates=664000, Selects=1660000, Elapsed=90s
Iteration 33300: Inserts=999000, Updates=666000, Selects=1665000, Elapsed=90s
Iteration 33400: Inserts=1002000, Updates=668000, Selects=1670000, Elapsed=91s
Iteration 33500: Inserts=1005000, Updates=670000, Selects=1675000, Elapsed=91s
Iteration 33600: Inserts=1008000, Updates=672000, Selects=1680000, Elapsed=91s
Iteration 33700: Inserts=1011000, Updates=674000, Selects=1685000, Elapsed=92s
Iteration 33800: Inserts=1014000, Updates=676000, Selects=1690000, Elapsed=92s
Iteration 33900: Inserts=1017000, Updates=678000, Selects=1695000, Elapsed=92s
Iteration 34000: Inserts=1020000, Updates=680000, Selects=1700000, Elapsed=93s
Iteration 34100: Inserts=1023000, Updates=682000, Selects=1705000, Elapsed=93s
Iteration 34200: Inserts=1026000, Updates=684000, Selects=1710000, Elapsed=93s
Iteration 34300: Inserts=1029000, Updates=686000, Selects=1715000, Elapsed=94s
Iteration 34400: Inserts=1032000, Updates=688000, Selects=1720000, Elapsed=94s
Iteration 34500: Inserts=1035000, Updates=690000, Selects=1725000, Elapsed=94s
Iteration 34600: Inserts=1038000, Updates=692000, Selects=1730000, Elapsed=95s
Iteration 34700: Inserts=1041000, Updates=694000, Selects=1735000, Elapsed=95s
Iteration 34800: Inserts=1044000, Updates=696000, Selects=1740000, Elapsed=95s
Iteration 34900: Inserts=1047000, Updates=698000, Selects=1745000, Elapsed=96s
Iteration 35000: Inserts=1050000, Updates=700000, Selects=1750000, Elapsed=96s
Iteration 35100: Inserts=1053000, Updates=702000, Selects=1755000, Elapsed=97s
Iteration 35200: Inserts=1056000, Updates=704000, Selects=1760000, Elapsed=97s
Iteration 35300: Inserts=1059000, Updates=706000, Selects=1765000, Elapsed=97s
Iteration 35400: Inserts=1062000, Updates=708000, Selects=1770000, Elapsed=98s
Iteration 35500: Inserts=1065000, Updates=710000, Selects=1775000, Elapsed=98s
Iteration 35600: Inserts=1068000, Updates=712000, Selects=1780000, Elapsed=98s
Iteration 35700: Inserts=1071000, Updates=714000, Selects=1785000, Elapsed=99s
Iteration 35800: Inserts=1074000, Updates=716000, Selects=1790000, Elapsed=99s
Iteration 35900: Inserts=1077000, Updates=718000, Selects=1795000, Elapsed=99s
Iteration 36000: Inserts=1080000, Updates=720000, Selects=1800000, Elapsed=100s
Iteration 36100: Inserts=1083000, Updates=722000, Selects=1805000, Elapsed=100s
Iteration 36200: Inserts=1086000, Updates=724000, Selects=1810000, Elapsed=101s
Iteration 36300: Inserts=1089000, Updates=726000, Selects=1815000, Elapsed=101s
Iteration 36400: Inserts=1092000, Updates=728000, Selects=1820000, Elapsed=101s
Iteration 36500: Inserts=1095000, Updates=730000, Selects=1825000, Elapsed=102s
Iteration 36600: Inserts=1098000, Updates=732000, Selects=1830000, Elapsed=102s
Iteration 36700: Inserts=1101000, Updates=734000, Selects=1835000, Elapsed=102s
Iteration 36800: Inserts=1104000, Updates=736000, Selects=1840000, Elapsed=103s
Iteration 36900: Inserts=1107000, Updates=738000, Selects=1845000, Elapsed=103s
Iteration 37000: Inserts=1110000, Updates=740000, Selects=1850000, Elapsed=103s
Iteration 37100: Inserts=1113000, Updates=742000, Selects=1855000, Elapsed=104s
Iteration 37200: Inserts=1116000, Updates=744000, Selects=1860000, Elapsed=104s
Iteration 37300: Inserts=1119000, Updates=746000, Selects=1865000, Elapsed=105s
Iteration 37400: Inserts=1122000, Updates=748000, Selects=1870000, Elapsed=105s
Iteration 37500: Inserts=1125000, Updates=750000, Selects=1875000, Elapsed=105s
Iteration 37600: Inserts=1128000, Updates=752000, Selects=1880000, Elapsed=106s
Iteration 37700: Inserts=1131000, Updates=754000, Selects=1885000, Elapsed=106s
Iteration 37800: Inserts=1134000, Updates=756000, Selects=1890000, Elapsed=107s
Iteration 37900: Inserts=1137000, Updates=758000, Selects=1895000, Elapsed=107s
Iteration 38000: Inserts=1140000, Updates=760000, Selects=1900000, Elapsed=107s
Iteration 38100: Inserts=1143000, Updates=762000, Selects=1905000, Elapsed=108s
Iteration 38200: Inserts=1146000, Updates=764000, Selects=1910000, Elapsed=108s
Iteration 38300: Inserts=1149000, Updates=766000, Selects=1915000, Elapsed=108s
Iteration 38400: Inserts=1152000, Updates=768000, Selects=1920000, Elapsed=109s
Iteration 38500: Inserts=1155000, Updates=770000, Selects=1925000, Elapsed=109s
Iteration 38600: Inserts=1158000, Updates=772000, Selects=1930000, Elapsed=110s
Iteration 38700: Inserts=1161000, Updates=774000, Selects=1935000, Elapsed=110s
Iteration 38800: Inserts=1164000, Updates=776000, Selects=1940000, Elapsed=110s
Iteration 38900: Inserts=1167000, Updates=778000, Selects=1945000, Elapsed=111s
Iteration 39000: Inserts=1170000, Updates=780000, Selects=1950000, Elapsed=111s
Iteration 39100: Inserts=1173000, Updates=782000, Selects=1955000, Elapsed=111s
Iteration 39200: Inserts=1176000, Updates=784000, Selects=1960000, Elapsed=112s
Iteration 39300: Inserts=1179000, Updates=786000, Selects=1965000, Elapsed=112s
Iteration 39400: Inserts=1182000, Updates=788000, Selects=1970000, Elapsed=113s
Iteration 39500: Inserts=1185000, Updates=790000, Selects=1975000, Elapsed=113s
Iteration 39600: Inserts=1188000, Updates=792000, Selects=1980000, Elapsed=113s
Iteration 39700: Inserts=1191000, Updates=794000, Selects=1985000, Elapsed=114s
Iteration 39800: Inserts=1194000, Updates=796000, Selects=1990000, Elapsed=114s
Iteration 39900: Inserts=1197000, Updates=798000, Selects=1995000, Elapsed=115s
Iteration 40000: Inserts=1200000, Updates=800000, Selects=2000000, Elapsed=115s
Iteration 40100: Inserts=1203000, Updates=802000, Selects=2005000, Elapsed=115s
Iteration 40200: Inserts=1206000, Updates=804000, Selects=2010000, Elapsed=116s
Iteration 40300: Inserts=1209000, Updates=806000, Selects=2015000, Elapsed=116s
Iteration 40400: Inserts=1212000, Updates=808000, Selects=2020000, Elapsed=116s
Iteration 40500: Inserts=1215000, Updates=810000, Selects=2025000, Elapsed=117s
Iteration 40600: Inserts=1218000, Updates=812000, Selects=2030000, Elapsed=117s
Iteration 40700: Inserts=1221000, Updates=814000, Selects=2035000, Elapsed=118s
Iteration 40800: Inserts=1224000, Updates=816000, Selects=2040000, Elapsed=118s
Iteration 40900: Inserts=1227000, Updates=818000, Selects=2045000, Elapsed=118s
Iteration 41000: Inserts=1230000, Updates=820000, Selects=2050000, Elapsed=119s
Iteration 41100: Inserts=1233000, Updates=822000, Selects=2055000, Elapsed=119s
Iteration 41200: Inserts=1236000, Updates=824000, Selects=2060000, Elapsed=119s
Iteration 41300: Inserts=1239000, Updates=826000, Selects=2065000, Elapsed=120s
=== Workload Complete ===
Duration: 120 seconds
Iterations: 41344
Total Inserts: 1240320
Total Updates: 826880
Total Selects: 2067200
Operations/sec: 34453.25
Workload ended at: 2026-04-23 11:27:37

PL/SQL procedure successfully completed.

Elapsed: 00:02:00.01
[2026-04-23 11:27:37] Workload execution completed
[2026-04-23 11:27:37] Actual duration: 120 seconds
[2026-04-23 11:27:37] Collecting final statistics...
[2026-04-23 11:27:37] Final order count: 1250320
[2026-04-23 11:27:37] 
[2026-04-23 11:27:37] === Workload Execution Summary ===
[2026-04-23 11:27:37] Target: FREEPDB1
[2026-04-23 11:27:37] Duration: 120 seconds
[2026-04-23 11:27:37] Final order count: 1250320
[2026-04-23 11:27:37] Log file: /tmp/workload_results.log
[2026-04-23 11:27:37] ===================================
